2018-11-19 18:10:12,031  INFO webdriverfactory.BrowserInstance:webdriverfactory.BrowserInstance.startBrowser(BrowserInstance.java:57) - Starting Browser with desired options
2018-11-19 18:10:15,415  INFO webdriverfactory.WebDriverFactory:webdriverfactory.WebDriverFactory.startWebDriver(WebDriverFactory.java:29) - Started Chrome browser
2018-11-19 18:10:15,416  INFO pages.CommonNavigationPanel:pages.CommonNavigationPanel.navigateToHomePage(CommonNavigationPanel.java:13) - navigation to the webpage
2018-11-19 18:10:15,416  INFO pages.LoginPage:pages.LoginPage.navigateToLoginPage(LoginPage.java:13) - Navigation to -> https://www.cleartrip.com/
2018-11-19 18:10:28,141  INFO projectHooks.Hooks:projectHooks.Hooks.deleteAllCookies(Hooks.java:37) - Deleting all cookies...
2018-11-19 18:15:19,412  INFO webdriverfactory.BrowserInstance:webdriverfactory.BrowserInstance.startBrowser(BrowserInstance.java:57) - Starting Browser with desired options
2018-11-19 18:15:31,923  INFO webdriverfactory.WebDriverFactory:webdriverfactory.WebDriverFactory.startWebDriver(WebDriverFactory.java:29) - Started Chrome browser
2018-11-19 18:15:31,938  INFO pages.CommonNavigationPanel:pages.CommonNavigationPanel.navigateToHomePage(CommonNavigationPanel.java:13) - navigation to the webpage
2018-11-19 18:15:31,939  INFO pages.LoginPage:pages.LoginPage.navigateToLoginPage(LoginPage.java:13) - Navigation to -> https://www.cleartrip.com/
2018-11-19 18:15:43,778  INFO projectHooks.Hooks:projectHooks.Hooks.deleteAllCookies(Hooks.java:37) - Deleting all cookies...
2018-11-19 18:15:52,532  INFO projectHooks.Hooks:projectHooks.Hooks.deleteAllCookies(Hooks.java:37) - Deleting all cookies...
2018-11-19 18:16:04,181  INFO projectHooks.Hooks:projectHooks.Hooks.deleteAllCookies(Hooks.java:37) - Deleting all cookies...
2018-11-19 18:20:22,158  INFO webdriverfactory.BrowserInstance:webdriverfactory.BrowserInstance.startBrowser(BrowserInstance.java:57) - Starting Browser with desired options
2018-11-19 18:20:37,136  INFO webdriverfactory.WebDriverFactory:webdriverfactory.WebDriverFactory.startWebDriver(WebDriverFactory.java:29) - Started Chrome browser
2018-11-19 18:20:37,136  INFO pages.CommonNavigationPanel:pages.CommonNavigationPanel.navigateToHomePage(CommonNavigationPanel.java:13) - navigation to the webpage
2018-11-19 18:20:37,137  INFO pages.LoginPage:pages.LoginPage.navigateToLoginPage(LoginPage.java:13) - Navigation to -> https://www.cleartrip.com/
2018-11-19 18:20:50,833  INFO projectHooks.Hooks:projectHooks.Hooks.deleteAllCookies(Hooks.java:37) - Deleting all cookies...
2018-11-19 18:20:55,157  INFO projectHooks.Hooks:projectHooks.Hooks.deleteAllCookies(Hooks.java:37) - Deleting all cookies...
2018-11-19 18:21:06,708  INFO projectHooks.Hooks:projectHooks.Hooks.deleteAllCookies(Hooks.java:37) - Deleting all cookies...
2018-11-19 18:23:14,441  INFO webdriverfactory.BrowserInstance:webdriverfactory.BrowserInstance.startBrowser(BrowserInstance.java:57) - Starting Browser with desired options
2018-11-19 18:23:17,898  INFO webdriverfactory.WebDriverFactory:webdriverfactory.WebDriverFactory.startWebDriver(WebDriverFactory.java:29) - Started Chrome browser
2018-11-19 18:23:17,898  INFO pages.CommonNavigationPanel:pages.CommonNavigationPanel.navigateToHomePage(CommonNavigationPanel.java:13) - navigation to the webpage
2018-11-19 18:23:17,899  INFO pages.LoginPage:pages.LoginPage.navigateToLoginPage(LoginPage.java:13) - Navigation to -> https://www.cleartrip.com/
2018-11-19 18:23:27,179  INFO projectHooks.Hooks:projectHooks.Hooks.deleteAllCookies(Hooks.java:37) - Deleting all cookies...
2018-11-19 18:24:33,065  INFO webdriverfactory.BrowserInstance:webdriverfactory.BrowserInstance.startBrowser(BrowserInstance.java:57) - Starting Browser with desired options
2018-11-19 18:24:35,726  INFO webdriverfactory.WebDriverFactory:webdriverfactory.WebDriverFactory.startWebDriver(WebDriverFactory.java:29) - Started Chrome browser
2018-11-19 18:24:35,727  INFO pages.CommonNavigationPanel:pages.CommonNavigationPanel.navigateToHomePage(CommonNavigationPanel.java:13) - navigation to the webpage
2018-11-19 18:24:35,727  INFO pages.LoginPage:pages.LoginPage.navigateToLoginPage(LoginPage.java:13) - Navigation to -> https://www.cleartrip.com/
2018-11-19 18:24:45,992  INFO projectHooks.Hooks:projectHooks.Hooks.deleteAllCookies(Hooks.java:37) - Deleting all cookies...
2018-11-19 18:30:51,268  INFO webdriverfactory.BrowserInstance:webdriverfactory.BrowserInstance.startBrowser(BrowserInstance.java:57) - Starting Browser with desired options
2018-11-19 18:30:53,371  INFO webdriverfactory.WebDriverFactory:webdriverfactory.WebDriverFactory.startWebDriver(WebDriverFactory.java:29) - Started Chrome browser
2018-11-19 18:30:53,371  INFO pages.CommonNavigationPanel:pages.CommonNavigationPanel.navigateToHomePage(CommonNavigationPanel.java:13) - navigation to the webpage
2018-11-19 18:30:53,372  INFO pages.LoginPage:pages.LoginPage.navigateToLoginPage(LoginPage.java:13) - Navigation to -> https://www.cleartrip.com/
2018-11-19 18:31:00,718  INFO projectHooks.Hooks:projectHooks.Hooks.deleteAllCookies(Hooks.java:37) - Deleting all cookies...
2018-11-19 18:31:01,055  INFO pages.BasePage:pages.BasePage.clickOnElement(BasePage.java:97) - clicking on Hotels
2018-11-19 18:31:15,024  INFO pages.BasePage:pages.BasePage.clickOnElement(BasePage.java:97) - clicking on 
